[08:59:08] [main/INFO]: Environment: authHost='https://authserver.mojang.com', accountsHost='https://api.mojang.com', sessionHost='https://sessionserver.mojang.com', servicesHost='https://api.minecraftservices.com', name='PROD'
[08:59:10] [main/INFO]: Found new data pack file/bukkit, loading it automatically
[08:59:11] [main/INFO]: Reloading ResourceManager: Default, bukkit
[08:59:13] [Worker-Main-11/INFO]: Loaded 7 recipes
[08:59:18] [Server thread/INFO]: Starting minecraft server version 1.16.5
[08:59:18] [Server thread/INFO]: Loading properties
[08:59:19] [Server thread/INFO]: This server is running CraftBukkit version 3096a-Spigot-9fb885e-af1a232 (MC: 1.16.5) (Implementing API version 1.16.5-R0.1-SNAPSHOT)
[08:59:19] [Server thread/INFO]: Debug logging is disabled
[08:59:19] [Server thread/INFO]: Server Ping Player Sample Count: 12
[08:59:19] [Server thread/INFO]: Using 4 threads for Netty based IO
[08:59:19] [Server thread/INFO]: Default game type: SURVIVAL
[08:59:19] [Server thread/INFO]: Generating keypair
[08:59:20] [Server thread/INFO]: Starting Minecraft server on *:25565
[08:59:20] [Server thread/INFO]: Using default channel type
[08:59:29] [Server thread/INFO]: [MyPowerHand] Loading MyPowerHand v1.0
[08:59:29] [Server thread/INFO]: Preparing level "world"
[08:59:29] [Server thread/INFO]: -------- World Settings For [world] --------
[08:59:29] [Server thread/INFO]: Allow Zombie Pigmen to spawn from portal blocks: true
[08:59:29] [Server thread/INFO]: Entity Tracking Range: Pl 48 / An 48 / Mo 48 / Mi 32 / Other 64
[08:59:29] [Server thread/INFO]: Nerfing mobs spawned from spawners: false
[08:59:29] [Server thread/INFO]: Item Despawn Rate: 6000
[08:59:29] [Server thread/INFO]: Item Merge Radius: 2.5
[08:59:29] [Server thread/INFO]: View Distance: 10
[08:59:29] [Server thread/INFO]: Arrow Despawn Rate: 1200 Trident Respawn Rate:1200
[08:59:29] [Server thread/INFO]: Custom Map Seeds:  Village: 10387312 Desert: 14357617 Igloo: 14357618 Jungle: 14357619 Swamp: 14357620 Monument: 10387313 Ocean: 14357621 Shipwreck: 165745295 End City: 10387313 Slime: 987234911 Bastion: 30084232 Fortress: 30084232 Mansion: 10387319 Fossil: 14357921 Portal: 34222645
[08:59:29] [Server thread/INFO]: Cactus Growth Modifier: 100%
[08:59:29] [Server thread/INFO]: Cane Growth Modifier: 100%
[08:59:29] [Server thread/INFO]: Melon Growth Modifier: 100%
[08:59:29] [Server thread/INFO]: Mushroom Growth Modifier: 100%
[08:59:29] [Server thread/INFO]: Pumpkin Growth Modifier: 100%
[08:59:29] [Server thread/INFO]: Sapling Growth Modifier: 100%
[08:59:29] [Server thread/INFO]: Beetroot Growth Modifier: 100%
[08:59:29] [Server thread/INFO]: Carrot Growth Modifier: 100%
[08:59:29] [Server thread/INFO]: Potato Growth Modifier: 100%
[08:59:29] [Server thread/INFO]: Wheat Growth Modifier: 100%
[08:59:29] [Server thread/INFO]: NetherWart Growth Modifier: 100%
[08:59:29] [Server thread/INFO]: Vine Growth Modifier: 100%
[08:59:29] [Server thread/INFO]: Cocoa Growth Modifier: 100%
[08:59:29] [Server thread/INFO]: Bamboo Growth Modifier: 100%
[08:59:29] [Server thread/INFO]: SweetBerry Growth Modifier: 100%
[08:59:29] [Server thread/INFO]: Kelp Growth Modifier: 100%
[08:59:29] [Server thread/INFO]: Mob Spawn Range: 6
[08:59:29] [Server thread/INFO]: Experience Merge Radius: 3.0
[08:59:29] [Server thread/INFO]: Max TNT Explosions: 100
[08:59:29] [Server thread/INFO]: Entity Activation Range: An 32 / Mo 32 / Ra 48 / Mi 16 / Tiv true
[08:59:29] [Server thread/INFO]: Hopper Transfer: 8 Hopper Check: 1 Hopper Amount: 1
[08:59:29] [Server thread/INFO]: Tile Max Tick Time: 50ms Entity max Tick Time: 50ms
[08:59:29] [Server thread/INFO]: Zombie Aggressive Towards Villager: true
[08:59:42] [Server thread/INFO]: -------- World Settings For [world_nether] --------
[08:59:42] [Server thread/INFO]: Allow Zombie Pigmen to spawn from portal blocks: true
[08:59:42] [Server thread/INFO]: Entity Tracking Range: Pl 48 / An 48 / Mo 48 / Mi 32 / Other 64
[08:59:42] [Server thread/INFO]: Nerfing mobs spawned from spawners: false
[08:59:42] [Server thread/INFO]: Item Despawn Rate: 6000
[08:59:42] [Server thread/INFO]: Item Merge Radius: 2.5
[08:59:42] [Server thread/INFO]: View Distance: 10
[08:59:42] [Server thread/INFO]: Arrow Despawn Rate: 1200 Trident Respawn Rate:1200
[08:59:42] [Server thread/INFO]: Custom Map Seeds:  Village: 10387312 Desert: 14357617 Igloo: 14357618 Jungle: 14357619 Swamp: 14357620 Monument: 10387313 Ocean: 14357621 Shipwreck: 165745295 End City: 10387313 Slime: 987234911 Bastion: 30084232 Fortress: 30084232 Mansion: 10387319 Fossil: 14357921 Portal: 34222645
[08:59:42] [Server thread/INFO]: Cactus Growth Modifier: 100%
[08:59:42] [Server thread/INFO]: Cane Growth Modifier: 100%
[08:59:42] [Server thread/INFO]: Melon Growth Modifier: 100%
[08:59:42] [Server thread/INFO]: Mushroom Growth Modifier: 100%
[08:59:42] [Server thread/INFO]: Pumpkin Growth Modifier: 100%
[08:59:42] [Server thread/INFO]: Sapling Growth Modifier: 100%
[08:59:42] [Server thread/INFO]: Beetroot Growth Modifier: 100%
[08:59:42] [Server thread/INFO]: Carrot Growth Modifier: 100%
[08:59:42] [Server thread/INFO]: Potato Growth Modifier: 100%
[08:59:42] [Server thread/INFO]: Wheat Growth Modifier: 100%
[08:59:42] [Server thread/INFO]: NetherWart Growth Modifier: 100%
[08:59:42] [Server thread/INFO]: Vine Growth Modifier: 100%
[08:59:42] [Server thread/INFO]: Cocoa Growth Modifier: 100%
[08:59:42] [Server thread/INFO]: Bamboo Growth Modifier: 100%
[08:59:42] [Server thread/INFO]: SweetBerry Growth Modifier: 100%
[08:59:42] [Server thread/INFO]: Kelp Growth Modifier: 100%
[08:59:42] [Server thread/INFO]: Mob Spawn Range: 6
[08:59:42] [Server thread/INFO]: Experience Merge Radius: 3.0
[08:59:42] [Server thread/INFO]: Max TNT Explosions: 100
[08:59:42] [Server thread/INFO]: Entity Activation Range: An 32 / Mo 32 / Ra 48 / Mi 16 / Tiv true
[08:59:42] [Server thread/INFO]: Hopper Transfer: 8 Hopper Check: 1 Hopper Amount: 1
[08:59:42] [Server thread/INFO]: Tile Max Tick Time: 50ms Entity max Tick Time: 50ms
[08:59:42] [Server thread/INFO]: Zombie Aggressive Towards Villager: true
[08:59:42] [Server thread/WARN]: Unable to find spawn biome
[08:59:44] [Server thread/INFO]: -------- World Settings For [world_the_end] --------
[08:59:44] [Server thread/INFO]: Allow Zombie Pigmen to spawn from portal blocks: true
[08:59:44] [Server thread/INFO]: Entity Tracking Range: Pl 48 / An 48 / Mo 48 / Mi 32 / Other 64
[08:59:44] [Server thread/INFO]: Nerfing mobs spawned from spawners: false
[08:59:44] [Server thread/INFO]: Item Despawn Rate: 6000
[08:59:44] [Server thread/INFO]: Item Merge Radius: 2.5
[08:59:44] [Server thread/INFO]: View Distance: 10
[08:59:44] [Server thread/INFO]: Arrow Despawn Rate: 1200 Trident Respawn Rate:1200
[08:59:44] [Server thread/INFO]: Custom Map Seeds:  Village: 10387312 Desert: 14357617 Igloo: 14357618 Jungle: 14357619 Swamp: 14357620 Monument: 10387313 Ocean: 14357621 Shipwreck: 165745295 End City: 10387313 Slime: 987234911 Bastion: 30084232 Fortress: 30084232 Mansion: 10387319 Fossil: 14357921 Portal: 34222645
[08:59:44] [Server thread/INFO]: Cactus Growth Modifier: 100%
[08:59:44] [Server thread/INFO]: Cane Growth Modifier: 100%
[08:59:44] [Server thread/INFO]: Melon Growth Modifier: 100%
[08:59:44] [Server thread/INFO]: Mushroom Growth Modifier: 100%
[08:59:44] [Server thread/INFO]: Pumpkin Growth Modifier: 100%
[08:59:44] [Server thread/INFO]: Sapling Growth Modifier: 100%
[08:59:44] [Server thread/INFO]: Beetroot Growth Modifier: 100%
[08:59:44] [Server thread/INFO]: Carrot Growth Modifier: 100%
[08:59:44] [Server thread/INFO]: Potato Growth Modifier: 100%
[08:59:44] [Server thread/INFO]: Wheat Growth Modifier: 100%
[08:59:44] [Server thread/INFO]: NetherWart Growth Modifier: 100%
[08:59:44] [Server thread/INFO]: Vine Growth Modifier: 100%
[08:59:44] [Server thread/INFO]: Cocoa Growth Modifier: 100%
[08:59:44] [Server thread/INFO]: Bamboo Growth Modifier: 100%
[08:59:44] [Server thread/INFO]: SweetBerry Growth Modifier: 100%
[08:59:44] [Server thread/INFO]: Kelp Growth Modifier: 100%
[08:59:44] [Server thread/INFO]: Mob Spawn Range: 6
[08:59:44] [Server thread/INFO]: Experience Merge Radius: 3.0
[08:59:44] [Server thread/INFO]: Max TNT Explosions: 100
[08:59:44] [Server thread/INFO]: Entity Activation Range: An 32 / Mo 32 / Ra 48 / Mi 16 / Tiv true
[08:59:44] [Server thread/INFO]: Hopper Transfer: 8 Hopper Check: 1 Hopper Amount: 1
[08:59:44] [Server thread/INFO]: Tile Max Tick Time: 50ms Entity max Tick Time: 50ms
[08:59:44] [Server thread/INFO]: Zombie Aggressive Towards Villager: true
[08:59:44] [Server thread/WARN]: Unable to find spawn biome
[08:59:45] [Server thread/INFO]: Preparing start region for dimension minecraft:overworld
[08:59:46] [Worker-Main-12/INFO]: Preparing spawn area: 0%
[08:59:46] [Worker-Main-10/INFO]: Preparing spawn area: 0%
[08:59:47] [Worker-Main-8/INFO]: Preparing spawn area: 0%
[08:59:47] [Worker-Main-10/INFO]: Preparing spawn area: 0%
[08:59:48] [Worker-Main-12/INFO]: Preparing spawn area: 0%
[08:59:48] [Worker-Main-10/INFO]: Preparing spawn area: 0%
[08:59:49] [Worker-Main-15/INFO]: Preparing spawn area: 0%
[08:59:49] [Worker-Main-12/INFO]: Preparing spawn area: 1%
[08:59:50] [Worker-Main-8/INFO]: Preparing spawn area: 1%
[08:59:50] [Worker-Main-12/INFO]: Preparing spawn area: 3%
[08:59:51] [Worker-Main-8/INFO]: Preparing spawn area: 3%
[08:59:51] [Worker-Main-8/INFO]: Preparing spawn area: 3%
[08:59:52] [Worker-Main-15/INFO]: Preparing spawn area: 4%
[08:59:52] [Worker-Main-8/INFO]: Preparing spawn area: 6%
[08:59:53] [Worker-Main-17/INFO]: Preparing spawn area: 7%
[08:59:53] [Worker-Main-17/INFO]: Preparing spawn area: 7%
[08:59:54] [Worker-Main-15/INFO]: Preparing spawn area: 12%
[08:59:54] [Worker-Main-9/INFO]: Preparing spawn area: 14%
[08:59:55] [Worker-Main-9/INFO]: Preparing spawn area: 16%
[08:59:55] [Worker-Main-10/INFO]: Preparing spawn area: 17%
[08:59:56] [Worker-Main-9/INFO]: Preparing spawn area: 20%
[08:59:56] [Worker-Main-9/INFO]: Preparing spawn area: 24%
[08:59:57] [Worker-Main-15/INFO]: Preparing spawn area: 26%
[08:59:57] [Worker-Main-16/INFO]: Preparing spawn area: 28%
[08:59:58] [Worker-Main-9/INFO]: Preparing spawn area: 28%
[08:59:58] [Worker-Main-15/INFO]: Preparing spawn area: 37%
[08:59:59] [Worker-Main-9/INFO]: Preparing spawn area: 38%
[08:59:59] [Worker-Main-16/INFO]: Preparing spawn area: 38%
[09:00:00] [Worker-Main-10/INFO]: Preparing spawn area: 46%
[09:00:00] [Worker-Main-10/INFO]: Preparing spawn area: 49%
[09:00:01] [Worker-Main-12/INFO]: Preparing spawn area: 52%
[09:00:01] [Worker-Main-8/INFO]: Preparing spawn area: 55%
[09:00:02] [Worker-Main-17/INFO]: Preparing spawn area: 58%
[09:00:02] [Worker-Main-10/INFO]: Preparing spawn area: 62%
[09:00:03] [Worker-Main-16/INFO]: Preparing spawn area: 65%
[09:00:03] [Worker-Main-10/INFO]: Preparing spawn area: 69%
[09:00:04] [Worker-Main-10/INFO]: Preparing spawn area: 74%
[09:00:04] [Worker-Main-15/INFO]: Preparing spawn area: 78%
[09:00:05] [Worker-Main-15/INFO]: Preparing spawn area: 82%
[09:00:05] [Worker-Main-12/INFO]: Preparing spawn area: 86%
[09:00:06] [Worker-Main-17/INFO]: Preparing spawn area: 91%
[09:00:06] [Worker-Main-9/INFO]: Preparing spawn area: 96%
[09:00:06] [Server thread/INFO]: Time elapsed: 20906 ms
[09:00:06] [Server thread/INFO]: Preparing start region for dimension minecraft:the_nether
[09:00:06] [Worker-Main-8/INFO]: Preparing spawn area: 0%
[09:00:07] [Worker-Main-17/INFO]: Preparing spawn area: 0%
[09:00:07] [Worker-Main-17/INFO]: Preparing spawn area: 1%
[09:00:08] [Worker-Main-17/INFO]: Preparing spawn area: 4%
[09:00:08] [Worker-Main-17/INFO]: Preparing spawn area: 9%
[09:00:09] [Worker-Main-16/INFO]: Preparing spawn area: 13%
[09:00:09] [Worker-Main-17/INFO]: Preparing spawn area: 17%
[09:00:10] [Worker-Main-9/INFO]: Preparing spawn area: 22%
[09:00:10] [Worker-Main-8/INFO]: Preparing spawn area: 26%
[09:00:11] [Worker-Main-8/INFO]: Preparing spawn area: 31%
[09:00:11] [Worker-Main-12/INFO]: Preparing spawn area: 35%
[09:00:12] [Worker-Main-15/INFO]: Preparing spawn area: 40%
[09:00:12] [Worker-Main-9/INFO]: Preparing spawn area: 42%
[09:00:13] [Worker-Main-10/INFO]: Preparing spawn area: 47%
[09:00:13] [Worker-Main-16/INFO]: Preparing spawn area: 51%
[09:00:14] [Worker-Main-17/INFO]: Preparing spawn area: 55%
[09:00:14] [Worker-Main-12/INFO]: Preparing spawn area: 56%
[09:00:15] [Worker-Main-17/INFO]: Preparing spawn area: 63%
[09:00:15] [Worker-Main-17/INFO]: Preparing spawn area: 68%
[09:00:16] [Worker-Main-10/INFO]: Preparing spawn area: 73%
[09:00:16] [Worker-Main-9/INFO]: Preparing spawn area: 79%
[09:00:17] [Worker-Main-17/INFO]: Preparing spawn area: 84%
[09:00:17] [Worker-Main-8/INFO]: Preparing spawn area: 88%
[09:00:18] [Worker-Main-16/INFO]: Preparing spawn area: 95%
[09:00:18] [Server thread/INFO]: Time elapsed: 11839 ms
[09:00:18] [Server thread/INFO]: Preparing start region for dimension minecraft:the_end
[09:00:18] [Worker-Main-12/INFO]: Preparing spawn area: 0%
[09:00:19] [Worker-Main-9/INFO]: Preparing spawn area: 1%
[09:00:19] [Worker-Main-10/INFO]: Preparing spawn area: 15%
[09:00:20] [Worker-Main-15/INFO]: Preparing spawn area: 35%
[09:00:20] [Worker-Main-9/INFO]: Preparing spawn area: 57%
[09:00:21] [Worker-Main-17/INFO]: Preparing spawn area: 79%
[09:00:21] [Server thread/INFO]: Time elapsed: 2902 ms
[09:00:21] [Server thread/INFO]: [MyPowerHand] Enabling MyPowerHand v1.0
[09:00:21] [Server thread/INFO]: Server permissions file permissions.yml is empty, ignoring it
[09:00:21] [Server thread/INFO]: Done (52.722s)! For help, type "help"
[09:04:59] [User Authenticator #1/INFO]: UUID of player PC_baz is c8aeca2b-444e-4d26-84ed-484b3c2d45a2
[09:05:01] [Server thread/INFO]: PC_baz[/127.0.0.1:4787] logged in with entity id 430 at ([world]2.5, 64.0, -250.5)
[09:09:10] [Server thread/INFO]: PC_baz has made the advancement [Stone Age]
[09:10:06] [Server thread/INFO]: PC_baz has made the advancement [Getting an Upgrade]
[09:10:32] [Server thread/WARN]: Can't keep up! Is the server overloaded? Running 10769ms or 215 ticks behind
[09:11:10] [Server thread/INFO]: PC_baz issued server command: /time set day
[09:11:10] [Server thread/INFO]: [PC_baz: Set the time to 1000]
[09:20:29] [Server thread/INFO]: PC_baz issued server command: /time set day
[09:20:29] [Server thread/INFO]: [PC_baz: Set the time to 1000]
[09:20:56] [Server thread/INFO]: PC_baz has made the advancement [Acquire Hardware]
[09:25:41] [Server thread/WARN]: Can't keep up! Is the server overloaded? Running 8998ms or 179 ticks behind
[09:27:33] [Server thread/WARN]: PC_baz moved too quickly! 1.7219092267573757,9.867304065632759,-0.037152180719829175
[09:27:33] [Server thread/WARN]: Can't keep up! Is the server overloaded? Running 8472ms or 169 ticks behind
[09:30:04] [Server thread/INFO]: PC_baz has made the advancement [Sweet Dreams]
[09:32:51] [Server thread/INFO]: PC_baz has made the advancement [Monster Hunter]
[09:33:26] [Server thread/INFO]: PC_baz was shot by Skeleton
[09:33:28] [Server thread/WARN]: Can't keep up! Is the server overloaded? Running 6046ms or 120 ticks behind
[09:33:30] [Server thread/INFO]: PC_baz lost connection: Disconnected
[09:33:34] [Server thread/INFO]: PC_baz left the game
[09:34:03] [Server thread/INFO]: Killed 282 entities
[09:34:22] [User Authenticator #2/INFO]: UUID of player PC_baz is c8aeca2b-444e-4d26-84ed-484b3c2d45a2
[09:34:29] [Server thread/INFO]: PC_baz[/127.0.0.1:24630] logged in with entity id 5271 at ([world]51.96320859422907, 43.28054112145388, -196.98344959721624)
[09:34:29] [Server thread/WARN]: Can't keep up! Is the server overloaded? Running 6597ms or 131 ticks behind
[09:34:49] [Server thread/INFO]: PC_baz issued server command: /gamemode spectator
[09:34:49] [Server thread/INFO]: [PC_baz: Set own game mode to Spectator Mode]
[09:35:58] [Server thread/INFO]: PC_baz issued server command: /gamemode survival
[09:35:58] [Server thread/INFO]: [PC_baz: Set own game mode to Survival Mode]
[09:36:13] [Server thread/WARN]: Can't keep up! Is the server overloaded? Running 11320ms or 226 ticks behind
[09:36:13] [Server thread/INFO]: PC_baz lost connection: Disconnected
[09:36:14] [Server thread/INFO]: PC_baz left the game
[09:36:15] [Server thread/INFO]: Stopping the server
[09:36:15] [Server thread/INFO]: Stopping the server
[09:36:15] [Server thread/INFO]: Stopping the server
[09:36:15] [Server thread/INFO]: Stopping the server
[09:36:15] [Server thread/INFO]: Stopping the server
[09:36:15] [Server thread/INFO]: Stopping the server
[09:36:15] [Server thread/INFO]: Stopping the server
[09:36:15] [Server thread/INFO]: Stopping the server
[09:36:15] [Server thread/INFO]: Stopping the server
[09:36:15] [Server thread/INFO]: Stopping server
[09:36:16] [Server thread/INFO]: [MyPowerHand] Disabling MyPowerHand v1.0
[09:36:22] [Server thread/INFO]: Saving players
[09:36:23] [Server thread/INFO]: Saving worlds
[09:36:23] [Server thread/INFO]: Saving chunks for level 'ServerLevel[world]'/minecraft:overworld
